Determining if the pthread_create exist failed with the following output:
Change Dir: /home/joao/Documents/Grafica/joao-pinheiro-graficos-2017-2/final projet/CMakeFiles/CMakeTmp

Run Build Command:"/usr/bin/make" "cmTC_f89fb/fast"
/usr/bin/make -f CMakeFiles/cmTC_f89fb.dir/build.make CMakeFiles/cmTC_f89fb.dir/build
make[1]: Entering directory '/home/joao/Documents/Grafica/joao-pinheiro-graficos-2017-2/final projet/CMakeFiles/CMakeTmp'
Building C object CMakeFiles/cmTC_f89fb.dir/CheckSymbolExists.c.o
/usr/bin/cc     -o CMakeFiles/cmTC_f89fb.dir/CheckSymbolExists.c.o   -c "/home/joao/Documents/Grafica/joao-pinheiro-graficos-2017-2/final projet/CMakeFiles/CMakeTmp/CheckSymbolExists.c"
Linking C executable cmTC_f89fb
/usr/bin/cmake -E cmake_link_script CMakeFiles/cmTC_f89fb.dir/link.txt --verbose=1
/usr/bin/cc       CMakeFiles/cmTC_f89fb.dir/CheckSymbolExists.c.o  -o cmTC_f89fb 
CMakeFiles/cmTC_f89fb.dir/CheckSymbolExists.c.o: In function `main':
CheckSymbolExists.c:(.text+0x16): undefined reference to `pthread_create'
collect2: error: ld returned 1 exit status
CMakeFiles/cmTC_f89fb.dir/build.make:97: recipe for target 'cmTC_f89fb' failed
make[1]: *** [cmTC_f89fb] Error 1
make[1]: Leaving directory '/home/joao/Documents/Grafica/joao-pinheiro-graficos-2017-2/final projet/CMakeFiles/CMakeTmp'
Makefile:126: recipe for target 'cmTC_f89fb/fast' failed
make: *** [cmTC_f89fb/fast] Error 2

File /home/joao/Documents/Grafica/joao-pinheiro-graficos-2017-2/final projet/CMakeFiles/CMakeTmp/CheckSymbolExists.c:
/* */
#include <pthread.h>

int main(int argc, char** argv)
{
  (void)argv;
#ifndef pthread_create
  return ((int*)(&pthread_create))[argc];
#else
  (void)argc;
  return 0;
#endif
}

Determining if the function pthread_create exists in the pthreads failed with the following output:
Change Dir: /home/joao/Documents/Grafica/joao-pinheiro-graficos-2017-2/final projet/CMakeFiles/CMakeTmp

Run Build Command:"/usr/bin/make" "cmTC_5d98e/fast"
/usr/bin/make -f CMakeFiles/cmTC_5d98e.dir/build.make CMakeFiles/cmTC_5d98e.dir/build
make[1]: Entering directory '/home/joao/Documents/Grafica/joao-pinheiro-graficos-2017-2/final projet/CMakeFiles/CMakeTmp'
Building C object CMakeFiles/cmTC_5d98e.dir/CheckFunctionExists.c.o
/usr/bin/cc    -DCHECK_FUNCTION_EXISTS=pthread_create   -o CMakeFiles/cmTC_5d98e.dir/CheckFunctionExists.c.o   -c /usr/share/cmake-3.5/Modules/CheckFunctionExists.c
Linking C executable cmTC_5d98e
/usr/bin/cmake -E cmake_link_script CMakeFiles/cmTC_5d98e.dir/link.txt --verbose=1
/usr/bin/cc   -DCHECK_FUNCTION_EXISTS=pthread_create    CMakeFiles/cmTC_5d98e.dir/CheckFunctionExists.c.o  -o cmTC_5d98e -lpthreads 
/usr/bin/ld: cannot find -lpthreads
collect2: error: ld returned 1 exit status
CMakeFiles/cmTC_5d98e.dir/build.make:97: recipe for target 'cmTC_5d98e' failed
make[1]: *** [cmTC_5d98e] Error 1
make[1]: Leaving directory '/home/joao/Documents/Grafica/joao-pinheiro-graficos-2017-2/final projet/CMakeFiles/CMakeTmp'
Makefile:126: recipe for target 'cmTC_5d98e/fast' failed
make: *** [cmTC_5d98e/fast] Error 2


Determining if the pthread_create exist failed with the following output:
Change Dir: /home/joao/Documents/Grafica/joao-pinheiro-graficos-2017-2/final projet/CMakeFiles/CMakeTmp

Run Build Command:"/usr/bin/make" "cmTC_db629/fast"
/usr/bin/make -f CMakeFiles/cmTC_db629.dir/build.make CMakeFiles/cmTC_db629.dir/build
make[1]: Entering directory '/home/joao/Documents/Grafica/joao-pinheiro-graficos-2017-2/final projet/CMakeFiles/CMakeTmp'
Building C object CMakeFiles/cmTC_db629.dir/CheckSymbolExists.c.o
/usr/bin/cc     -o CMakeFiles/cmTC_db629.dir/CheckSymbolExists.c.o   -c "/home/joao/Documents/Grafica/joao-pinheiro-graficos-2017-2/final projet/CMakeFiles/CMakeTmp/CheckSymbolExists.c"
Linking C executable cmTC_db629
/usr/bin/cmake -E cmake_link_script CMakeFiles/cmTC_db629.dir/link.txt --verbose=1
/usr/bin/cc       CMakeFiles/cmTC_db629.dir/CheckSymbolExists.c.o  -o cmTC_db629 
CMakeFiles/cmTC_db629.dir/CheckSymbolExists.c.o: In function `main':
CheckSymbolExists.c:(.text+0x16): undefined reference to `pthread_create'
collect2: error: ld returned 1 exit status
CMakeFiles/cmTC_db629.dir/build.make:97: recipe for target 'cmTC_db629' failed
make[1]: *** [cmTC_db629] Error 1
make[1]: Leaving directory '/home/joao/Documents/Grafica/joao-pinheiro-graficos-2017-2/final projet/CMakeFiles/CMakeTmp'
Makefile:126: recipe for target 'cmTC_db629/fast' failed
make: *** [cmTC_db629/fast] Error 2

File /home/joao/Documents/Grafica/joao-pinheiro-graficos-2017-2/final projet/CMakeFiles/CMakeTmp/CheckSymbolExists.c:
/* */
#include <pthread.h>

int main(int argc, char** argv)
{
  (void)argv;
#ifndef pthread_create
  return ((int*)(&pthread_create))[argc];
#else
  (void)argc;
  return 0;
#endif
}

Determining if the function pthread_create exists in the pthreads failed with the following output:
Change Dir: /home/joao/Documents/Grafica/joao-pinheiro-graficos-2017-2/final projet/CMakeFiles/CMakeTmp

Run Build Command:"/usr/bin/make" "cmTC_ab766/fast"
/usr/bin/make -f CMakeFiles/cmTC_ab766.dir/build.make CMakeFiles/cmTC_ab766.dir/build
make[1]: Entering directory '/home/joao/Documents/Grafica/joao-pinheiro-graficos-2017-2/final projet/CMakeFiles/CMakeTmp'
Building C object CMakeFiles/cmTC_ab766.dir/CheckFunctionExists.c.o
/usr/bin/cc    -DCHECK_FUNCTION_EXISTS=pthread_create   -o CMakeFiles/cmTC_ab766.dir/CheckFunctionExists.c.o   -c /usr/share/cmake-3.5/Modules/CheckFunctionExists.c
Linking C executable cmTC_ab766
/usr/bin/cmake -E cmake_link_script CMakeFiles/cmTC_ab766.dir/link.txt --verbose=1
/usr/bin/cc   -DCHECK_FUNCTION_EXISTS=pthread_create    CMakeFiles/cmTC_ab766.dir/CheckFunctionExists.c.o  -o cmTC_ab766 -lpthreads 
/usr/bin/ld: cannot find -lpthreads
collect2: error: ld returned 1 exit status
CMakeFiles/cmTC_ab766.dir/build.make:97: recipe for target 'cmTC_ab766' failed
make[1]: *** [cmTC_ab766] Error 1
make[1]: Leaving directory '/home/joao/Documents/Grafica/joao-pinheiro-graficos-2017-2/final projet/CMakeFiles/CMakeTmp'
Makefile:126: recipe for target 'cmTC_ab766/fast' failed
make: *** [cmTC_ab766/fast] Error 2


Determining if the pthread_create exist failed with the following output:
Change Dir: /home/joao/Documents/Imagenes/mcs.imageprocessing/camera_calibration/CMakeFiles/CMakeTmp

Run Build Command:"/usr/bin/make" "cmTC_61f88/fast"
/usr/bin/make -f CMakeFiles/cmTC_61f88.dir/build.make CMakeFiles/cmTC_61f88.dir/build
make[1]: Entering directory '/home/joao/Documents/Imagenes/mcs.imageprocessing/camera_calibration/CMakeFiles/CMakeTmp'
Building C object CMakeFiles/cmTC_61f88.dir/CheckSymbolExists.c.o
/usr/bin/cc     -o CMakeFiles/cmTC_61f88.dir/CheckSymbolExists.c.o   -c /home/joao/Documents/Imagenes/mcs.imageprocessing/camera_calibration/CMakeFiles/CMakeTmp/CheckSymbolExists.c
Linking C executable cmTC_61f88
/usr/bin/cmake -E cmake_link_script CMakeFiles/cmTC_61f88.dir/link.txt --verbose=1
/usr/bin/cc       CMakeFiles/cmTC_61f88.dir/CheckSymbolExists.c.o  -o cmTC_61f88 
CMakeFiles/cmTC_61f88.dir/CheckSymbolExists.c.o: In function `main':
CheckSymbolExists.c:(.text+0x16): undefined reference to `pthread_create'
collect2: error: ld returned 1 exit status
CMakeFiles/cmTC_61f88.dir/build.make:97: recipe for target 'cmTC_61f88' failed
make[1]: *** [cmTC_61f88] Error 1
make[1]: Leaving directory '/home/joao/Documents/Imagenes/mcs.imageprocessing/camera_calibration/CMakeFiles/CMakeTmp'
Makefile:126: recipe for target 'cmTC_61f88/fast' failed
make: *** [cmTC_61f88/fast] Error 2

File /home/joao/Documents/Imagenes/mcs.imageprocessing/camera_calibration/CMakeFiles/CMakeTmp/CheckSymbolExists.c:
/* */
#include <pthread.h>

int main(int argc, char** argv)
{
  (void)argv;
#ifndef pthread_create
  return ((int*)(&pthread_create))[argc];
#else
  (void)argc;
  return 0;
#endif
}

Determining if the function pthread_create exists in the pthreads failed with the following output:
Change Dir: /home/joao/Documents/Imagenes/mcs.imageprocessing/camera_calibration/CMakeFiles/CMakeTmp

Run Build Command:"/usr/bin/make" "cmTC_62785/fast"
/usr/bin/make -f CMakeFiles/cmTC_62785.dir/build.make CMakeFiles/cmTC_62785.dir/build
make[1]: Entering directory '/home/joao/Documents/Imagenes/mcs.imageprocessing/camera_calibration/CMakeFiles/CMakeTmp'
Building C object CMakeFiles/cmTC_62785.dir/CheckFunctionExists.c.o
/usr/bin/cc    -DCHECK_FUNCTION_EXISTS=pthread_create   -o CMakeFiles/cmTC_62785.dir/CheckFunctionExists.c.o   -c /usr/share/cmake-3.5/Modules/CheckFunctionExists.c
Linking C executable cmTC_62785
/usr/bin/cmake -E cmake_link_script CMakeFiles/cmTC_62785.dir/link.txt --verbose=1
/usr/bin/cc   -DCHECK_FUNCTION_EXISTS=pthread_create    CMakeFiles/cmTC_62785.dir/CheckFunctionExists.c.o  -o cmTC_62785 -lpthreads 
/usr/bin/ld: cannot find -lpthreads
collect2: error: ld returned 1 exit status
CMakeFiles/cmTC_62785.dir/build.make:97: recipe for target 'cmTC_62785' failed
make[1]: *** [cmTC_62785] Error 1
make[1]: Leaving directory '/home/joao/Documents/Imagenes/mcs.imageprocessing/camera_calibration/CMakeFiles/CMakeTmp'
Makefile:126: recipe for target 'cmTC_62785/fast' failed
make: *** [cmTC_62785/fast] Error 2


Determining if the pthread_create exist failed with the following output:
Change Dir: /home/joao/Documents/Imagenes/mcs.imageprocessing/camera_calibration/CMakeFiles/CMakeTmp

Run Build Command:"/usr/bin/make" "cmTC_dfea5/fast"
/usr/bin/make -f CMakeFiles/cmTC_dfea5.dir/build.make CMakeFiles/cmTC_dfea5.dir/build
make[1]: Entering directory '/home/joao/Documents/Imagenes/mcs.imageprocessing/camera_calibration/CMakeFiles/CMakeTmp'
Building C object CMakeFiles/cmTC_dfea5.dir/CheckSymbolExists.c.o
/usr/bin/cc     -o CMakeFiles/cmTC_dfea5.dir/CheckSymbolExists.c.o   -c /home/joao/Documents/Imagenes/mcs.imageprocessing/camera_calibration/CMakeFiles/CMakeTmp/CheckSymbolExists.c
Linking C executable cmTC_dfea5
/usr/bin/cmake -E cmake_link_script CMakeFiles/cmTC_dfea5.dir/link.txt --verbose=1
/usr/bin/cc       CMakeFiles/cmTC_dfea5.dir/CheckSymbolExists.c.o  -o cmTC_dfea5 
CMakeFiles/cmTC_dfea5.dir/CheckSymbolExists.c.o: In function `main':
CheckSymbolExists.c:(.text+0x16): undefined reference to `pthread_create'
collect2: error: ld returned 1 exit status
CMakeFiles/cmTC_dfea5.dir/build.make:97: recipe for target 'cmTC_dfea5' failed
make[1]: *** [cmTC_dfea5] Error 1
make[1]: Leaving directory '/home/joao/Documents/Imagenes/mcs.imageprocessing/camera_calibration/CMakeFiles/CMakeTmp'
Makefile:126: recipe for target 'cmTC_dfea5/fast' failed
make: *** [cmTC_dfea5/fast] Error 2

File /home/joao/Documents/Imagenes/mcs.imageprocessing/camera_calibration/CMakeFiles/CMakeTmp/CheckSymbolExists.c:
/* */
#include <pthread.h>

int main(int argc, char** argv)
{
  (void)argv;
#ifndef pthread_create
  return ((int*)(&pthread_create))[argc];
#else
  (void)argc;
  return 0;
#endif
}

Determining if the function pthread_create exists in the pthreads failed with the following output:
Change Dir: /home/joao/Documents/Imagenes/mcs.imageprocessing/camera_calibration/CMakeFiles/CMakeTmp

Run Build Command:"/usr/bin/make" "cmTC_68a4d/fast"
/usr/bin/make -f CMakeFiles/cmTC_68a4d.dir/build.make CMakeFiles/cmTC_68a4d.dir/build
make[1]: Entering directory '/home/joao/Documents/Imagenes/mcs.imageprocessing/camera_calibration/CMakeFiles/CMakeTmp'
Building C object CMakeFiles/cmTC_68a4d.dir/CheckFunctionExists.c.o
/usr/bin/cc    -DCHECK_FUNCTION_EXISTS=pthread_create   -o CMakeFiles/cmTC_68a4d.dir/CheckFunctionExists.c.o   -c /usr/share/cmake-3.5/Modules/CheckFunctionExists.c
Linking C executable cmTC_68a4d
/usr/bin/cmake -E cmake_link_script CMakeFiles/cmTC_68a4d.dir/link.txt --verbose=1
/usr/bin/cc   -DCHECK_FUNCTION_EXISTS=pthread_create    CMakeFiles/cmTC_68a4d.dir/CheckFunctionExists.c.o  -o cmTC_68a4d -lpthreads 
/usr/bin/ld: cannot find -lpthreads
collect2: error: ld returned 1 exit status
CMakeFiles/cmTC_68a4d.dir/build.make:97: recipe for target 'cmTC_68a4d' failed
make[1]: *** [cmTC_68a4d] Error 1
make[1]: Leaving directory '/home/joao/Documents/Imagenes/mcs.imageprocessing/camera_calibration/CMakeFiles/CMakeTmp'
Makefile:126: recipe for target 'cmTC_68a4d/fast' failed
make: *** [cmTC_68a4d/fast] Error 2


Determining if the pthread_create exist failed with the following output:
Change Dir: /home/joao/Documents/files/imagenes/mcs.imageprocessing/camera_calibration/CMakeFiles/CMakeTmp

Run Build Command:"/usr/bin/make" "cmTC_91bcd/fast"
/usr/bin/make -f CMakeFiles/cmTC_91bcd.dir/build.make CMakeFiles/cmTC_91bcd.dir/build
make[1]: Entering directory '/home/joao/Documents/files/imagenes/mcs.imageprocessing/camera_calibration/CMakeFiles/CMakeTmp'
Building C object CMakeFiles/cmTC_91bcd.dir/CheckSymbolExists.c.o
/usr/bin/cc     -o CMakeFiles/cmTC_91bcd.dir/CheckSymbolExists.c.o   -c /home/joao/Documents/files/imagenes/mcs.imageprocessing/camera_calibration/CMakeFiles/CMakeTmp/CheckSymbolExists.c
Linking C executable cmTC_91bcd
/usr/bin/cmake -E cmake_link_script CMakeFiles/cmTC_91bcd.dir/link.txt --verbose=1
/usr/bin/cc       CMakeFiles/cmTC_91bcd.dir/CheckSymbolExists.c.o  -o cmTC_91bcd 
CMakeFiles/cmTC_91bcd.dir/CheckSymbolExists.c.o: In function `main':
CheckSymbolExists.c:(.text+0x16): undefined reference to `pthread_create'
collect2: error: ld returned 1 exit status
CMakeFiles/cmTC_91bcd.dir/build.make:97: recipe for target 'cmTC_91bcd' failed
make[1]: *** [cmTC_91bcd] Error 1
make[1]: Leaving directory '/home/joao/Documents/files/imagenes/mcs.imageprocessing/camera_calibration/CMakeFiles/CMakeTmp'
Makefile:126: recipe for target 'cmTC_91bcd/fast' failed
make: *** [cmTC_91bcd/fast] Error 2

File /home/joao/Documents/files/imagenes/mcs.imageprocessing/camera_calibration/CMakeFiles/CMakeTmp/CheckSymbolExists.c:
/* */
#include <pthread.h>

int main(int argc, char** argv)
{
  (void)argv;
#ifndef pthread_create
  return ((int*)(&pthread_create))[argc];
#else
  (void)argc;
  return 0;
#endif
}

Determining if the function pthread_create exists in the pthreads failed with the following output:
Change Dir: /home/joao/Documents/files/imagenes/mcs.imageprocessing/camera_calibration/CMakeFiles/CMakeTmp

Run Build Command:"/usr/bin/make" "cmTC_54665/fast"
/usr/bin/make -f CMakeFiles/cmTC_54665.dir/build.make CMakeFiles/cmTC_54665.dir/build
make[1]: Entering directory '/home/joao/Documents/files/imagenes/mcs.imageprocessing/camera_calibration/CMakeFiles/CMakeTmp'
Building C object CMakeFiles/cmTC_54665.dir/CheckFunctionExists.c.o
/usr/bin/cc    -DCHECK_FUNCTION_EXISTS=pthread_create   -o CMakeFiles/cmTC_54665.dir/CheckFunctionExists.c.o   -c /usr/share/cmake-3.5/Modules/CheckFunctionExists.c
Linking C executable cmTC_54665
/usr/bin/cmake -E cmake_link_script CMakeFiles/cmTC_54665.dir/link.txt --verbose=1
/usr/bin/cc   -DCHECK_FUNCTION_EXISTS=pthread_create    CMakeFiles/cmTC_54665.dir/CheckFunctionExists.c.o  -o cmTC_54665 -lpthreads 
/usr/bin/ld: cannot find -lpthreads
collect2: error: ld returned 1 exit status
CMakeFiles/cmTC_54665.dir/build.make:97: recipe for target 'cmTC_54665' failed
make[1]: *** [cmTC_54665] Error 1
make[1]: Leaving directory '/home/joao/Documents/files/imagenes/mcs.imageprocessing/camera_calibration/CMakeFiles/CMakeTmp'
Makefile:126: recipe for target 'cmTC_54665/fast' failed
make: *** [cmTC_54665/fast] Error 2


