Determining if the pthread_create exist failed with the following output:
Change Dir: /home/joao/Documents/Grafica/joao-pinheiro-graficos-2017-2/final projet/CMakeFiles/CMakeTmp

Run Build Command:"/usr/bin/make" "cmTC_f89fb/fast"
/usr/bin/make -f CMakeFiles/cmTC_f89fb.dir/build.make CMakeFiles/cmTC_f89fb.dir/build
make[1]: Entering directory '/home/joao/Documents/Grafica/joao-pinheiro-graficos-2017-2/final projet/CMakeFiles/CMakeTmp'
Building C object CMakeFiles/cmTC_f89fb.dir/CheckSymbolExists.c.o
/usr/bin/cc     -o CMakeFiles/cmTC_f89fb.dir/CheckSymbolExists.c.o   -c "/home/joao/Documents/Grafica/joao-pinheiro-graficos-2017-2/final projet/CMakeFiles/CMakeTmp/CheckSymbolExists.c"
Linking C executable cmTC_f89fb
/usr/bin/cmake -E cmake_link_script CMakeFiles/cmTC_f89fb.dir/link.txt --verbose=1
/usr/bin/cc       CMakeFiles/cmTC_f89fb.dir/CheckSymbolExists.c.o  -o cmTC_f89fb 
CMakeFiles/cmTC_f89fb.dir/CheckSymbolExists.c.o: In function `main':
CheckSymbolExists.c:(.text+0x16): undefined reference to `pthread_create'
collect2: error: ld returned 1 exit status
CMakeFiles/cmTC_f89fb.dir/build.make:97: recipe for target 'cmTC_f89fb' failed
make[1]: *** [cmTC_f89fb] Error 1
make[1]: Leaving directory '/home/joao/Documents/Grafica/joao-pinheiro-graficos-2017-2/final projet/CMakeFiles/CMakeTmp'
Makefile:126: recipe for target 'cmTC_f89fb/fast' failed
make: *** [cmTC_f89fb/fast] Error 2

File /home/joao/Documents/Grafica/joao-pinheiro-graficos-2017-2/final projet/CMakeFiles/CMakeTmp/CheckSymbolExists.c:
/* */
#include <pthread.h>

int main(int argc, char** argv)
{
  (void)argv;
#ifndef pthread_create
  return ((int*)(&pthread_create))[argc];
#else
  (void)argc;
  return 0;
#endif
}

Determining if the function pthread_create exists in the pthreads failed with the following output:
Change Dir: /home/joao/Documents/Grafica/joao-pinheiro-graficos-2017-2/final projet/CMakeFiles/CMakeTmp

Run Build Command:"/usr/bin/make" "cmTC_5d98e/fast"
/usr/bin/make -f CMakeFiles/cmTC_5d98e.dir/build.make CMakeFiles/cmTC_5d98e.dir/build
make[1]: Entering directory '/home/joao/Documents/Grafica/joao-pinheiro-graficos-2017-2/final projet/CMakeFiles/CMakeTmp'
Building C object CMakeFiles/cmTC_5d98e.dir/CheckFunctionExists.c.o
/usr/bin/cc    -DCHECK_FUNCTION_EXISTS=pthread_create   -o CMakeFiles/cmTC_5d98e.dir/CheckFunctionExists.c.o   -c /usr/share/cmake-3.5/Modules/CheckFunctionExists.c
Linking C executable cmTC_5d98e
/usr/bin/cmake -E cmake_link_script CMakeFiles/cmTC_5d98e.dir/link.txt --verbose=1
/usr/bin/cc   -DCHECK_FUNCTION_EXISTS=pthread_create    CMakeFiles/cmTC_5d98e.dir/CheckFunctionExists.c.o  -o cmTC_5d98e -lpthreads 
/usr/bin/ld: cannot find -lpthreads
collect2: error: ld returned 1 exit status
CMakeFiles/cmTC_5d98e.dir/build.make:97: recipe for target 'cmTC_5d98e' failed
make[1]: *** [cmTC_5d98e] Error 1
make[1]: Leaving directory '/home/joao/Documents/Grafica/joao-pinheiro-graficos-2017-2/final projet/CMakeFiles/CMakeTmp'
Makefile:126: recipe for target 'cmTC_5d98e/fast' failed
make: *** [cmTC_5d98e/fast] Error 2


Determining if the pthread_create exist failed with the following output:
Change Dir: /home/joao/Documents/Grafica/joao-pinheiro-graficos-2017-2/final projet/CMakeFiles/CMakeTmp

Run Build Command:"/usr/bin/make" "cmTC_db629/fast"
/usr/bin/make -f CMakeFiles/cmTC_db629.dir/build.make CMakeFiles/cmTC_db629.dir/build
make[1]: Entering directory '/home/joao/Documents/Grafica/joao-pinheiro-graficos-2017-2/final projet/CMakeFiles/CMakeTmp'
Building C object CMakeFiles/cmTC_db629.dir/CheckSymbolExists.c.o
/usr/bin/cc     -o CMakeFiles/cmTC_db629.dir/CheckSymbolExists.c.o   -c "/home/joao/Documents/Grafica/joao-pinheiro-graficos-2017-2/final projet/CMakeFiles/CMakeTmp/CheckSymbolExists.c"
Linking C executable cmTC_db629
/usr/bin/cmake -E cmake_link_script CMakeFiles/cmTC_db629.dir/link.txt --verbose=1
/usr/bin/cc       CMakeFiles/cmTC_db629.dir/CheckSymbolExists.c.o  -o cmTC_db629 
CMakeFiles/cmTC_db629.dir/CheckSymbolExists.c.o: In function `main':
CheckSymbolExists.c:(.text+0x16): undefined reference to `pthread_create'
collect2: error: ld returned 1 exit status
CMakeFiles/cmTC_db629.dir/build.make:97: recipe for target 'cmTC_db629' failed
make[1]: *** [cmTC_db629] Error 1
make[1]: Leaving directory '/home/joao/Documents/Grafica/joao-pinheiro-graficos-2017-2/final projet/CMakeFiles/CMakeTmp'
Makefile:126: recipe for target 'cmTC_db629/fast' failed
make: *** [cmTC_db629/fast] Error 2

File /home/joao/Documents/Grafica/joao-pinheiro-graficos-2017-2/final projet/CMakeFiles/CMakeTmp/CheckSymbolExists.c:
/* */
#include <pthread.h>

int main(int argc, char** argv)
{
  (void)argv;
#ifndef pthread_create
  return ((int*)(&pthread_create))[argc];
#else
  (void)argc;
  return 0;
#endif
}

Determining if the function pthread_create exists in the pthreads failed with the following output:
Change Dir: /home/joao/Documents/Grafica/joao-pinheiro-graficos-2017-2/final projet/CMakeFiles/CMakeTmp

Run Build Command:"/usr/bin/make" "cmTC_ab766/fast"
/usr/bin/make -f CMakeFiles/cmTC_ab766.dir/build.make CMakeFiles/cmTC_ab766.dir/build
make[1]: Entering directory '/home/joao/Documents/Grafica/joao-pinheiro-graficos-2017-2/final projet/CMakeFiles/CMakeTmp'
Building C object CMakeFiles/cmTC_ab766.dir/CheckFunctionExists.c.o
/usr/bin/cc    -DCHECK_FUNCTION_EXISTS=pthread_create   -o CMakeFiles/cmTC_ab766.dir/CheckFunctionExists.c.o   -c /usr/share/cmake-3.5/Modules/CheckFunctionExists.c
Linking C executable cmTC_ab766
/usr/bin/cmake -E cmake_link_script CMakeFiles/cmTC_ab766.dir/link.txt --verbose=1
/usr/bin/cc   -DCHECK_FUNCTION_EXISTS=pthread_create    CMakeFiles/cmTC_ab766.dir/CheckFunctionExists.c.o  -o cmTC_ab766 -lpthreads 
/usr/bin/ld: cannot find -lpthreads
collect2: error: ld returned 1 exit status
CMakeFiles/cmTC_ab766.dir/build.make:97: recipe for target 'cmTC_ab766' failed
make[1]: *** [cmTC_ab766] Error 1
make[1]: Leaving directory '/home/joao/Documents/Grafica/joao-pinheiro-graficos-2017-2/final projet/CMakeFiles/CMakeTmp'
Makefile:126: recipe for target 'cmTC_ab766/fast' failed
make: *** [cmTC_ab766/fast] Error 2


Determining if the pthread_create exist failed with the following output:
Change Dir: /home/joao/Documents/Imagenes/mcs.imageprocessing/camera_calibration/CMakeFiles/CMakeTmp

Run Build Command:"/usr/bin/make" "cmTC_61f88/fast"
/usr/bin/make -f CMakeFiles/cmTC_61f88.dir/build.make CMakeFiles/cmTC_61f88.dir/build
make[1]: Entering directory '/home/joao/Documents/Imagenes/mcs.imageprocessing/camera_calibration/CMakeFiles/CMakeTmp'
Building C object CMakeFiles/cmTC_61f88.dir/CheckSymbolExists.c.o
/usr/bin/cc     -o CMakeFiles/cmTC_61f88.dir/CheckSymbolExists.c.o   -c /home/joao/Documents/Imagenes/mcs.imageprocessing/camera_calibration/CMakeFiles/CMakeTmp/CheckSymbolExists.c
Linking C executable cmTC_61f88
/usr/bin/cmake -E cmake_link_script CMakeFiles/cmTC_61f88.dir/link.txt --verbose=1
/usr/bin/cc       CMakeFiles/cmTC_61f88.dir/CheckSymbolExists.c.o  -o cmTC_61f88 
CMakeFiles/cmTC_61f88.dir/CheckSymbolExists.c.o: In function `main':
CheckSymbolExists.c:(.text+0x16): undefined reference to `pthread_create'
collect2: error: ld returned 1 exit status
CMakeFiles/cmTC_61f88.dir/build.make:97: recipe for target 'cmTC_61f88' failed
make[1]: *** [cmTC_61f88] Error 1
make[1]: Leaving directory '/home/joao/Documents/Imagenes/mcs.imageprocessing/camera_calibration/CMakeFiles/CMakeTmp'
Makefile:126: recipe for target 'cmTC_61f88/fast' failed
make: *** [cmTC_61f88/fast] Error 2

File /home/joao/Documents/Imagenes/mcs.imageprocessing/camera_calibration/CMakeFiles/CMakeTmp/CheckSymbolExists.c:
/* */
#include <pthread.h>

int main(int argc, char** argv)
{
  (void)argv;
#ifndef pthread_create
  return ((int*)(&pthread_create))[argc];
#else
  (void)argc;
  return 0;
#endif
}

Determining if the function pthread_create exists in the pthreads failed with the following output:
Change Dir: /home/joao/Documents/Imagenes/mcs.imageprocessing/camera_calibration/CMakeFiles/CMakeTmp

Run Build Command:"/usr/bin/make" "cmTC_62785/fast"
/usr/bin/make -f CMakeFiles/cmTC_62785.dir/build.make CMakeFiles/cmTC_62785.dir/build
make[1]: Entering directory '/home/joao/Documents/Imagenes/mcs.imageprocessing/camera_calibration/CMakeFiles/CMakeTmp'
Building C object CMakeFiles/cmTC_62785.dir/CheckFunctionExists.c.o
/usr/bin/cc    -DCHECK_FUNCTION_EXISTS=pthread_create   -o CMakeFiles/cmTC_62785.dir/CheckFunctionExists.c.o   -c /usr/share/cmake-3.5/Modules/CheckFunctionExists.c
Linking C executable cmTC_62785
/usr/bin/cmake -E cmake_link_script CMakeFiles/cmTC_62785.dir/link.txt --verbose=1
/usr/bin/cc   -DCHECK_FUNCTION_EXISTS=pthread_create    CMakeFiles/cmTC_62785.dir/CheckFunctionExists.c.o  -o cmTC_62785 -lpthreads 
/usr/bin/ld: cannot find -lpthreads
collect2: error: ld returned 1 exit status
CMakeFiles/cmTC_62785.dir/build.make:97: recipe for target 'cmTC_62785' failed
make[1]: *** [cmTC_62785] Error 1
make[1]: Leaving directory '/home/joao/Documents/Imagenes/mcs.imageprocessing/camera_calibration/CMakeFiles/CMakeTmp'
Makefile:126: recipe for target 'cmTC_62785/fast' failed
make: *** [cmTC_62785/fast] Error 2


Determining if the pthread_create exist failed with the following output:
Change Dir: /home/joao/Documents/Imagenes/mcs.imageprocessing/camera_calibration/CMakeFiles/CMakeTmp

Run Build Command:"/usr/bin/make" "cmTC_dfea5/fast"
/usr/bin/make -f CMakeFiles/cmTC_dfea5.dir/build.make CMakeFiles/cmTC_dfea5.dir/build
make[1]: Entering directory '/home/joao/Documents/Imagenes/mcs.imageprocessing/camera_calibration/CMakeFiles/CMakeTmp'
Building C object CMakeFiles/cmTC_dfea5.dir/CheckSymbolExists.c.o
/usr/bin/cc     -o CMakeFiles/cmTC_dfea5.dir/CheckSymbolExists.c.o   -c /home/joao/Documents/Imagenes/mcs.imageprocessing/camera_calibration/CMakeFiles/CMakeTmp/CheckSymbolExists.c
Linking C executable cmTC_dfea5
/usr/bin/cmake -E cmake_link_script CMakeFiles/cmTC_dfea5.dir/link.txt --verbose=1
/usr/bin/cc       CMakeFiles/cmTC_dfea5.dir/CheckSymbolExists.c.o  -o cmTC_dfea5 
CMakeFiles/cmTC_dfea5.dir/CheckSymbolExists.c.o: In function `main':
CheckSymbolExists.c:(.text+0x16): undefined reference to `pthread_create'
collect2: error: ld returned 1 exit status
CMakeFiles/cmTC_dfea5.dir/build.make:97: recipe for target 'cmTC_dfea5' failed
make[1]: *** [cmTC_dfea5] Error 1
make[1]: Leaving directory '/home/joao/Documents/Imagenes/mcs.imageprocessing/camera_calibration/CMakeFiles/CMakeTmp'
Makefile:126: recipe for target 'cmTC_dfea5/fast' failed
make: *** [cmTC_dfea5/fast] Error 2

File /home/joao/Documents/Imagenes/mcs.imageprocessing/camera_calibration/CMakeFiles/CMakeTmp/CheckSymbolExists.c:
/* */
#include <pthread.h>

int main(int argc, char** argv)
{
  (void)argv;
#ifndef pthread_create
  return ((int*)(&pthread_create))[argc];
#else
  (void)argc;
  return 0;
#endif
}

Determining if the function pthread_create exists in the pthreads failed with the following output:
Change Dir: /home/joao/Documents/Imagenes/mcs.imageprocessing/camera_calibration/CMakeFiles/CMakeTmp

Run Build Command:"/usr/bin/make" "cmTC_68a4d/fast"
/usr/bin/make -f CMakeFiles/cmTC_68a4d.dir/build.make CMakeFiles/cmTC_68a4d.dir/build
make[1]: Entering directory '/home/joao/Documents/Imagenes/mcs.imageprocessing/camera_calibration/CMakeFiles/CMakeTmp'
Building C object CMakeFiles/cmTC_68a4d.dir/CheckFunctionExists.c.o
/usr/bin/cc    -DCHECK_FUNCTION_EXISTS=pthread_create   -o CMakeFiles/cmTC_68a4d.dir/CheckFunctionExists.c.o   -c /usr/share/cmake-3.5/Modules/CheckFunctionExists.c
Linking C executable cmTC_68a4d
/usr/bin/cmake -E cmake_link_script CMakeFiles/cmTC_68a4d.dir/link.txt --verbose=1
/usr/bin/cc   -DCHECK_FUNCTION_EXISTS=pthread_create    CMakeFiles/cmTC_68a4d.dir/CheckFunctionExists.c.o  -o cmTC_68a4d -lpthreads 
/usr/bin/ld: cannot find -lpthreads
collect2: error: ld returned 1 exit status
CMakeFiles/cmTC_68a4d.dir/build.make:97: recipe for target 'cmTC_68a4d' failed
make[1]: *** [cmTC_68a4d] Error 1
make[1]: Leaving directory '/home/joao/Documents/Imagenes/mcs.imageprocessing/camera_calibration/CMakeFiles/CMakeTmp'
Makefile:126: recipe for target 'cmTC_68a4d/fast' failed
make: *** [cmTC_68a4d/fast] Error 2


Determining if the pthread_create exist failed with the following output:
Change Dir: /home/joao/Documents/files/imagenes/mcs.imageprocessing/camera_calibration/CMakeFiles/CMakeTmp

Run Build Command:"/usr/bin/make" "cmTC_91bcd/fast"
/usr/bin/make -f CMakeFiles/cmTC_91bcd.dir/build.make CMakeFiles/cmTC_91bcd.dir/build
make[1]: Entering directory '/home/joao/Documents/files/imagenes/mcs.imageprocessing/camera_calibration/CMakeFiles/CMakeTmp'
Building C object CMakeFiles/cmTC_91bcd.dir/CheckSymbolExists.c.o
/usr/bin/cc     -o CMakeFiles/cmTC_91bcd.dir/CheckSymbolExists.c.o   -c /home/joao/Documents/files/imagenes/mcs.imageprocessing/camera_calibration/CMakeFiles/CMakeTmp/CheckSymbolExists.c
Linking C executable cmTC_91bcd
/usr/bin/cmake -E cmake_link_script CMakeFiles/cmTC_91bcd.dir/link.txt --verbose=1
/usr/bin/cc       CMakeFiles/cmTC_91bcd.dir/CheckSymbolExists.c.o  -o cmTC_91bcd 
CMakeFiles/cmTC_91bcd.dir/CheckSymbolExists.c.o: In function `main':
CheckSymbolExists.c:(.text+0x16): undefined reference to `pthread_create'
collect2: error: ld returned 1 exit status
CMakeFiles/cmTC_91bcd.dir/build.make:97: recipe for target 'cmTC_91bcd' failed
make[1]: *** [cmTC_91bcd] Error 1
make[1]: Leaving directory '/home/joao/Documents/files/imagenes/mcs.imageprocessing/camera_calibration/CMakeFiles/CMakeTmp'
Makefile:126: recipe for target 'cmTC_91bcd/fast' failed
make: *** [cmTC_91bcd/fast] Error 2

File /home/joao/Documents/files/imagenes/mcs.imageprocessing/camera_calibration/CMakeFiles/CMakeTmp/CheckSymbolExists.c:
/* */
#include <pthread.h>

int main(int argc, char** argv)
{
  (void)argv;
#ifndef pthread_create
  return ((int*)(&pthread_create))[argc];
#else
  (void)argc;
  return 0;
#endif
}

Determining if the function pthread_create exists in the pthreads failed with the following output:
Change Dir: /home/joao/Documents/files/imagenes/mcs.imageprocessing/camera_calibration/CMakeFiles/CMakeTmp

Run Build Command:"/usr/bin/make" "cmTC_54665/fast"
/usr/bin/make -f CMakeFiles/cmTC_54665.dir/build.make CMakeFiles/cmTC_54665.dir/build
make[1]: Entering directory '/home/joao/Documents/files/imagenes/mcs.imageprocessing/camera_calibration/CMakeFiles/CMakeTmp'
Building C object CMakeFiles/cmTC_54665.dir/CheckFunctionExists.c.o
/usr/bin/cc    -DCHECK_FUNCTION_EXISTS=pthread_create   -o CMakeFiles/cmTC_54665.dir/CheckFunctionExists.c.o   -c /usr/share/cmake-3.5/Modules/CheckFunctionExists.c
Linking C executable cmTC_54665
/usr/bin/cmake -E cmake_link_script CMakeFiles/cmTC_54665.dir/link.txt --verbose=1
/usr/bin/cc   -DCHECK_FUNCTION_EXISTS=pthread_create    CMakeFiles/cmTC_54665.dir/CheckFunctionExists.c.o  -o cmTC_54665 -lpthreads 
/usr/bin/ld: cannot find -lpthreads
collect2: error: ld returned 1 exit status
CMakeFiles/cmTC_54665.dir/build.make:97: recipe for target 'cmTC_54665' failed
make[1]: *** [cmTC_54665] Error 1
make[1]: Leaving directory '/home/joao/Documents/files/imagenes/mcs.imageprocessing/camera_calibration/CMakeFiles/CMakeTmp'
Makefile:126: recipe for target 'cmTC_54665/fast' failed
make: *** [cmTC_54665/fast] Error 2


Determining if the pthread_create exist failed with the following output:
Change Dir: /home/joao/Documents/Imagenes/mcs.imageprocessing/camera_calibration/CMakeFiles/CMakeTmp

Run Build Command:"/usr/bin/make" "cmTC_48883/fast"
/usr/bin/make -f CMakeFiles/cmTC_48883.dir/build.make CMakeFiles/cmTC_48883.dir/build
make[1]: Entering directory '/home/joao/Documents/Imagenes/mcs.imageprocessing/camera_calibration/CMakeFiles/CMakeTmp'
Building C object CMakeFiles/cmTC_48883.dir/CheckSymbolExists.c.o
/usr/bin/cc     -o CMakeFiles/cmTC_48883.dir/CheckSymbolExists.c.o   -c /home/joao/Documents/Imagenes/mcs.imageprocessing/camera_calibration/CMakeFiles/CMakeTmp/CheckSymbolExists.c
Linking C executable cmTC_48883
/usr/bin/cmake -E cmake_link_script CMakeFiles/cmTC_48883.dir/link.txt --verbose=1
/usr/bin/cc       CMakeFiles/cmTC_48883.dir/CheckSymbolExists.c.o  -o cmTC_48883 
CMakeFiles/cmTC_48883.dir/CheckSymbolExists.c.o: In function `main':
CheckSymbolExists.c:(.text+0x16): undefined reference to `pthread_create'
collect2: error: ld returned 1 exit status
CMakeFiles/cmTC_48883.dir/build.make:97: recipe for target 'cmTC_48883' failed
make[1]: *** [cmTC_48883] Error 1
make[1]: Leaving directory '/home/joao/Documents/Imagenes/mcs.imageprocessing/camera_calibration/CMakeFiles/CMakeTmp'
Makefile:126: recipe for target 'cmTC_48883/fast' failed
make: *** [cmTC_48883/fast] Error 2

File /home/joao/Documents/Imagenes/mcs.imageprocessing/camera_calibration/CMakeFiles/CMakeTmp/CheckSymbolExists.c:
/* */
#include <pthread.h>

int main(int argc, char** argv)
{
  (void)argv;
#ifndef pthread_create
  return ((int*)(&pthread_create))[argc];
#else
  (void)argc;
  return 0;
#endif
}

Determining if the function pthread_create exists in the pthreads failed with the following output:
Change Dir: /home/joao/Documents/Imagenes/mcs.imageprocessing/camera_calibration/CMakeFiles/CMakeTmp

Run Build Command:"/usr/bin/make" "cmTC_3e1cd/fast"
/usr/bin/make -f CMakeFiles/cmTC_3e1cd.dir/build.make CMakeFiles/cmTC_3e1cd.dir/build
make[1]: Entering directory '/home/joao/Documents/Imagenes/mcs.imageprocessing/camera_calibration/CMakeFiles/CMakeTmp'
Building C object CMakeFiles/cmTC_3e1cd.dir/CheckFunctionExists.c.o
/usr/bin/cc    -DCHECK_FUNCTION_EXISTS=pthread_create   -o CMakeFiles/cmTC_3e1cd.dir/CheckFunctionExists.c.o   -c /usr/share/cmake-3.5/Modules/CheckFunctionExists.c
Linking C executable cmTC_3e1cd
/usr/bin/cmake -E cmake_link_script CMakeFiles/cmTC_3e1cd.dir/link.txt --verbose=1
/usr/bin/cc   -DCHECK_FUNCTION_EXISTS=pthread_create    CMakeFiles/cmTC_3e1cd.dir/CheckFunctionExists.c.o  -o cmTC_3e1cd -lpthreads 
/usr/bin/ld: cannot find -lpthreads
collect2: error: ld returned 1 exit status
CMakeFiles/cmTC_3e1cd.dir/build.make:97: recipe for target 'cmTC_3e1cd' failed
make[1]: *** [cmTC_3e1cd] Error 1
make[1]: Leaving directory '/home/joao/Documents/Imagenes/mcs.imageprocessing/camera_calibration/CMakeFiles/CMakeTmp'
Makefile:126: recipe for target 'cmTC_3e1cd/fast' failed
make: *** [cmTC_3e1cd/fast] Error 2


Determining if the pthread_create exist failed with the following output:
Change Dir: /home/joao/Desktop/mcs.imageprocessing/camera_calibration/CMakeFiles/CMakeTmp

Run Build Command:"/usr/bin/make" "cmTC_394f0/fast"
/usr/bin/make -f CMakeFiles/cmTC_394f0.dir/build.make CMakeFiles/cmTC_394f0.dir/build
make[1]: Entering directory '/home/joao/Desktop/mcs.imageprocessing/camera_calibration/CMakeFiles/CMakeTmp'
Building C object CMakeFiles/cmTC_394f0.dir/CheckSymbolExists.c.o
/usr/bin/cc     -o CMakeFiles/cmTC_394f0.dir/CheckSymbolExists.c.o   -c /home/joao/Desktop/mcs.imageprocessing/camera_calibration/CMakeFiles/CMakeTmp/CheckSymbolExists.c
Linking C executable cmTC_394f0
/usr/bin/cmake -E cmake_link_script CMakeFiles/cmTC_394f0.dir/link.txt --verbose=1
/usr/bin/cc       CMakeFiles/cmTC_394f0.dir/CheckSymbolExists.c.o  -o cmTC_394f0 
CMakeFiles/cmTC_394f0.dir/CheckSymbolExists.c.o: In function `main':
CheckSymbolExists.c:(.text+0x16): undefined reference to `pthread_create'
collect2: error: ld returned 1 exit status
CMakeFiles/cmTC_394f0.dir/build.make:97: recipe for target 'cmTC_394f0' failed
make[1]: *** [cmTC_394f0] Error 1
make[1]: Leaving directory '/home/joao/Desktop/mcs.imageprocessing/camera_calibration/CMakeFiles/CMakeTmp'
Makefile:126: recipe for target 'cmTC_394f0/fast' failed
make: *** [cmTC_394f0/fast] Error 2

File /home/joao/Desktop/mcs.imageprocessing/camera_calibration/CMakeFiles/CMakeTmp/CheckSymbolExists.c:
/* */
#include <pthread.h>

int main(int argc, char** argv)
{
  (void)argv;
#ifndef pthread_create
  return ((int*)(&pthread_create))[argc];
#else
  (void)argc;
  return 0;
#endif
}

Determining if the function pthread_create exists in the pthreads failed with the following output:
Change Dir: /home/joao/Desktop/mcs.imageprocessing/camera_calibration/CMakeFiles/CMakeTmp

Run Build Command:"/usr/bin/make" "cmTC_bd663/fast"
/usr/bin/make -f CMakeFiles/cmTC_bd663.dir/build.make CMakeFiles/cmTC_bd663.dir/build
make[1]: Entering directory '/home/joao/Desktop/mcs.imageprocessing/camera_calibration/CMakeFiles/CMakeTmp'
Building C object CMakeFiles/cmTC_bd663.dir/CheckFunctionExists.c.o
/usr/bin/cc    -DCHECK_FUNCTION_EXISTS=pthread_create   -o CMakeFiles/cmTC_bd663.dir/CheckFunctionExists.c.o   -c /usr/share/cmake-3.5/Modules/CheckFunctionExists.c
Linking C executable cmTC_bd663
/usr/bin/cmake -E cmake_link_script CMakeFiles/cmTC_bd663.dir/link.txt --verbose=1
/usr/bin/cc   -DCHECK_FUNCTION_EXISTS=pthread_create    CMakeFiles/cmTC_bd663.dir/CheckFunctionExists.c.o  -o cmTC_bd663 -lpthreads 
/usr/bin/ld: cannot find -lpthreads
collect2: error: ld returned 1 exit status
CMakeFiles/cmTC_bd663.dir/build.make:97: recipe for target 'cmTC_bd663' failed
make[1]: *** [cmTC_bd663] Error 1
make[1]: Leaving directory '/home/joao/Desktop/mcs.imageprocessing/camera_calibration/CMakeFiles/CMakeTmp'
Makefile:126: recipe for target 'cmTC_bd663/fast' failed
make: *** [cmTC_bd663/fast] Error 2


Determining if the pthread_create exist failed with the following output:
Change Dir: /home/joao/Documents/Imagenes/mcs.imageprocessing/camera_calibration/CMakeFiles/CMakeTmp

Run Build Command:"/usr/bin/make" "cmTC_106ff/fast"
make[1]: Entering directory '/home/joao/Documents/Imagenes/mcs.imageprocessing/camera_calibration/CMakeFiles/CMakeTmp'
/usr/bin/make -f CMakeFiles/cmTC_106ff.dir/build.make CMakeFiles/cmTC_106ff.dir/build
make[2]: Entering directory '/home/joao/Documents/Imagenes/mcs.imageprocessing/camera_calibration/CMakeFiles/CMakeTmp'
Building C object CMakeFiles/cmTC_106ff.dir/CheckSymbolExists.c.o
/usr/bin/cc     -o CMakeFiles/cmTC_106ff.dir/CheckSymbolExists.c.o   -c /home/joao/Documents/Imagenes/mcs.imageprocessing/camera_calibration/CMakeFiles/CMakeTmp/CheckSymbolExists.c
Linking C executable cmTC_106ff
/usr/bin/cmake -E cmake_link_script CMakeFiles/cmTC_106ff.dir/link.txt --verbose=1
/usr/bin/cc       CMakeFiles/cmTC_106ff.dir/CheckSymbolExists.c.o  -o cmTC_106ff 
CMakeFiles/cmTC_106ff.dir/CheckSymbolExists.c.o: In function `main':
CheckSymbolExists.c:(.text+0x16): undefined reference to `pthread_create'
collect2: error: ld returned 1 exit status
CMakeFiles/cmTC_106ff.dir/build.make:97: recipe for target 'cmTC_106ff' failed
make[2]: *** [cmTC_106ff] Error 1
make[2]: Leaving directory '/home/joao/Documents/Imagenes/mcs.imageprocessing/camera_calibration/CMakeFiles/CMakeTmp'
Makefile:126: recipe for target 'cmTC_106ff/fast' failed
make[1]: *** [cmTC_106ff/fast] Error 2
make[1]: Leaving directory '/home/joao/Documents/Imagenes/mcs.imageprocessing/camera_calibration/CMakeFiles/CMakeTmp'

File /home/joao/Documents/Imagenes/mcs.imageprocessing/camera_calibration/CMakeFiles/CMakeTmp/CheckSymbolExists.c:
/* */
#include <pthread.h>

int main(int argc, char** argv)
{
  (void)argv;
#ifndef pthread_create
  return ((int*)(&pthread_create))[argc];
#else
  (void)argc;
  return 0;
#endif
}

Determining if the function pthread_create exists in the pthreads failed with the following output:
Change Dir: /home/joao/Documents/Imagenes/mcs.imageprocessing/camera_calibration/CMakeFiles/CMakeTmp

Run Build Command:"/usr/bin/make" "cmTC_aef5f/fast"
make[1]: Entering directory '/home/joao/Documents/Imagenes/mcs.imageprocessing/camera_calibration/CMakeFiles/CMakeTmp'
/usr/bin/make -f CMakeFiles/cmTC_aef5f.dir/build.make CMakeFiles/cmTC_aef5f.dir/build
make[2]: Entering directory '/home/joao/Documents/Imagenes/mcs.imageprocessing/camera_calibration/CMakeFiles/CMakeTmp'
Building C object CMakeFiles/cmTC_aef5f.dir/CheckFunctionExists.c.o
/usr/bin/cc    -DCHECK_FUNCTION_EXISTS=pthread_create   -o CMakeFiles/cmTC_aef5f.dir/CheckFunctionExists.c.o   -c /usr/share/cmake-3.5/Modules/CheckFunctionExists.c
Linking C executable cmTC_aef5f
/usr/bin/cmake -E cmake_link_script CMakeFiles/cmTC_aef5f.dir/link.txt --verbose=1
/usr/bin/cc   -DCHECK_FUNCTION_EXISTS=pthread_create    CMakeFiles/cmTC_aef5f.dir/CheckFunctionExists.c.o  -o cmTC_aef5f -lpthreads 
/usr/bin/ld: cannot find -lpthreads
collect2: error: ld returned 1 exit status
CMakeFiles/cmTC_aef5f.dir/build.make:97: recipe for target 'cmTC_aef5f' failed
make[2]: *** [cmTC_aef5f] Error 1
make[2]: Leaving directory '/home/joao/Documents/Imagenes/mcs.imageprocessing/camera_calibration/CMakeFiles/CMakeTmp'
Makefile:126: recipe for target 'cmTC_aef5f/fast' failed
make[1]: *** [cmTC_aef5f/fast] Error 2
make[1]: Leaving directory '/home/joao/Documents/Imagenes/mcs.imageprocessing/camera_calibration/CMakeFiles/CMakeTmp'


Determining if the pthread_create exist failed with the following output:
Change Dir: /home/joao/Documents/Imagenes/mcs.imageprocessing/camera_calibration/CMakeFiles/CMakeTmp

Run Build Command:"/usr/bin/make" "cmTC_3a8ae/fast"
/usr/bin/make -f CMakeFiles/cmTC_3a8ae.dir/build.make CMakeFiles/cmTC_3a8ae.dir/build
make[1]: Entering directory '/home/joao/Documents/Imagenes/mcs.imageprocessing/camera_calibration/CMakeFiles/CMakeTmp'
Building C object CMakeFiles/cmTC_3a8ae.dir/CheckSymbolExists.c.o
/usr/bin/cc     -o CMakeFiles/cmTC_3a8ae.dir/CheckSymbolExists.c.o   -c /home/joao/Documents/Imagenes/mcs.imageprocessing/camera_calibration/CMakeFiles/CMakeTmp/CheckSymbolExists.c
Linking C executable cmTC_3a8ae
/usr/bin/cmake -E cmake_link_script CMakeFiles/cmTC_3a8ae.dir/link.txt --verbose=1
/usr/bin/cc       CMakeFiles/cmTC_3a8ae.dir/CheckSymbolExists.c.o  -o cmTC_3a8ae 
CMakeFiles/cmTC_3a8ae.dir/CheckSymbolExists.c.o: In function `main':
CheckSymbolExists.c:(.text+0x16): undefined reference to `pthread_create'
collect2: error: ld returned 1 exit status
CMakeFiles/cmTC_3a8ae.dir/build.make:97: recipe for target 'cmTC_3a8ae' failed
make[1]: *** [cmTC_3a8ae] Error 1
make[1]: Leaving directory '/home/joao/Documents/Imagenes/mcs.imageprocessing/camera_calibration/CMakeFiles/CMakeTmp'
Makefile:126: recipe for target 'cmTC_3a8ae/fast' failed
make: *** [cmTC_3a8ae/fast] Error 2

File /home/joao/Documents/Imagenes/mcs.imageprocessing/camera_calibration/CMakeFiles/CMakeTmp/CheckSymbolExists.c:
/* */
#include <pthread.h>

int main(int argc, char** argv)
{
  (void)argv;
#ifndef pthread_create
  return ((int*)(&pthread_create))[argc];
#else
  (void)argc;
  return 0;
#endif
}

Determining if the function pthread_create exists in the pthreads failed with the following output:
Change Dir: /home/joao/Documents/Imagenes/mcs.imageprocessing/camera_calibration/CMakeFiles/CMakeTmp

Run Build Command:"/usr/bin/make" "cmTC_b9763/fast"
/usr/bin/make -f CMakeFiles/cmTC_b9763.dir/build.make CMakeFiles/cmTC_b9763.dir/build
make[1]: Entering directory '/home/joao/Documents/Imagenes/mcs.imageprocessing/camera_calibration/CMakeFiles/CMakeTmp'
Building C object CMakeFiles/cmTC_b9763.dir/CheckFunctionExists.c.o
/usr/bin/cc    -DCHECK_FUNCTION_EXISTS=pthread_create   -o CMakeFiles/cmTC_b9763.dir/CheckFunctionExists.c.o   -c /usr/share/cmake-3.5/Modules/CheckFunctionExists.c
Linking C executable cmTC_b9763
/usr/bin/cmake -E cmake_link_script CMakeFiles/cmTC_b9763.dir/link.txt --verbose=1
/usr/bin/cc   -DCHECK_FUNCTION_EXISTS=pthread_create    CMakeFiles/cmTC_b9763.dir/CheckFunctionExists.c.o  -o cmTC_b9763 -lpthreads 
/usr/bin/ld: cannot find -lpthreads
collect2: error: ld returned 1 exit status
CMakeFiles/cmTC_b9763.dir/build.make:97: recipe for target 'cmTC_b9763' failed
make[1]: *** [cmTC_b9763] Error 1
make[1]: Leaving directory '/home/joao/Documents/Imagenes/mcs.imageprocessing/camera_calibration/CMakeFiles/CMakeTmp'
Makefile:126: recipe for target 'cmTC_b9763/fast' failed
make: *** [cmTC_b9763/fast] Error 2


Determining if the pthread_create exist failed with the following output:
Change Dir: /home/joao/Documents/Imagenes/mcs.imageprocessing/camera_cal2/CMakeFiles/CMakeTmp

Run Build Command:"/usr/bin/make" "cmTC_2b290/fast"
/usr/bin/make -f CMakeFiles/cmTC_2b290.dir/build.make CMakeFiles/cmTC_2b290.dir/build
make[1]: Entering directory '/home/joao/Documents/Imagenes/mcs.imageprocessing/camera_cal2/CMakeFiles/CMakeTmp'
Building C object CMakeFiles/cmTC_2b290.dir/CheckSymbolExists.c.o
/usr/bin/cc     -o CMakeFiles/cmTC_2b290.dir/CheckSymbolExists.c.o   -c /home/joao/Documents/Imagenes/mcs.imageprocessing/camera_cal2/CMakeFiles/CMakeTmp/CheckSymbolExists.c
Linking C executable cmTC_2b290
/usr/bin/cmake -E cmake_link_script CMakeFiles/cmTC_2b290.dir/link.txt --verbose=1
/usr/bin/cc       CMakeFiles/cmTC_2b290.dir/CheckSymbolExists.c.o  -o cmTC_2b290 
CMakeFiles/cmTC_2b290.dir/CheckSymbolExists.c.o: In function `main':
CheckSymbolExists.c:(.text+0x16): undefined reference to `pthread_create'
collect2: error: ld returned 1 exit status
CMakeFiles/cmTC_2b290.dir/build.make:97: recipe for target 'cmTC_2b290' failed
make[1]: *** [cmTC_2b290] Error 1
make[1]: Leaving directory '/home/joao/Documents/Imagenes/mcs.imageprocessing/camera_cal2/CMakeFiles/CMakeTmp'
Makefile:126: recipe for target 'cmTC_2b290/fast' failed
make: *** [cmTC_2b290/fast] Error 2

File /home/joao/Documents/Imagenes/mcs.imageprocessing/camera_cal2/CMakeFiles/CMakeTmp/CheckSymbolExists.c:
/* */
#include <pthread.h>

int main(int argc, char** argv)
{
  (void)argv;
#ifndef pthread_create
  return ((int*)(&pthread_create))[argc];
#else
  (void)argc;
  return 0;
#endif
}

Determining if the function pthread_create exists in the pthreads failed with the following output:
Change Dir: /home/joao/Documents/Imagenes/mcs.imageprocessing/camera_cal2/CMakeFiles/CMakeTmp

Run Build Command:"/usr/bin/make" "cmTC_aae69/fast"
/usr/bin/make -f CMakeFiles/cmTC_aae69.dir/build.make CMakeFiles/cmTC_aae69.dir/build
make[1]: Entering directory '/home/joao/Documents/Imagenes/mcs.imageprocessing/camera_cal2/CMakeFiles/CMakeTmp'
Building C object CMakeFiles/cmTC_aae69.dir/CheckFunctionExists.c.o
/usr/bin/cc    -DCHECK_FUNCTION_EXISTS=pthread_create   -o CMakeFiles/cmTC_aae69.dir/CheckFunctionExists.c.o   -c /usr/share/cmake-3.5/Modules/CheckFunctionExists.c
Linking C executable cmTC_aae69
/usr/bin/cmake -E cmake_link_script CMakeFiles/cmTC_aae69.dir/link.txt --verbose=1
/usr/bin/cc   -DCHECK_FUNCTION_EXISTS=pthread_create    CMakeFiles/cmTC_aae69.dir/CheckFunctionExists.c.o  -o cmTC_aae69 -lpthreads 
/usr/bin/ld: cannot find -lpthreads
collect2: error: ld returned 1 exit status
CMakeFiles/cmTC_aae69.dir/build.make:97: recipe for target 'cmTC_aae69' failed
make[1]: *** [cmTC_aae69] Error 1
make[1]: Leaving directory '/home/joao/Documents/Imagenes/mcs.imageprocessing/camera_cal2/CMakeFiles/CMakeTmp'
Makefile:126: recipe for target 'cmTC_aae69/fast' failed
make: *** [cmTC_aae69/fast] Error 2


Determining if the pthread_create exist failed with the following output:
Change Dir: /home/joao/Documents/files/imagenes/mcs.imageprocessing/camera_cal3/CMakeFiles/CMakeTmp

Run Build Command:"/usr/bin/make" "cmTC_7c33e/fast"
/usr/bin/make -f CMakeFiles/cmTC_7c33e.dir/build.make CMakeFiles/cmTC_7c33e.dir/build
make[1]: Entering directory '/home/joao/Documents/files/imagenes/mcs.imageprocessing/camera_cal3/CMakeFiles/CMakeTmp'
Building C object CMakeFiles/cmTC_7c33e.dir/CheckSymbolExists.c.o
/usr/bin/cc     -o CMakeFiles/cmTC_7c33e.dir/CheckSymbolExists.c.o   -c /home/joao/Documents/files/imagenes/mcs.imageprocessing/camera_cal3/CMakeFiles/CMakeTmp/CheckSymbolExists.c
Linking C executable cmTC_7c33e
/usr/bin/cmake -E cmake_link_script CMakeFiles/cmTC_7c33e.dir/link.txt --verbose=1
/usr/bin/cc       CMakeFiles/cmTC_7c33e.dir/CheckSymbolExists.c.o  -o cmTC_7c33e 
CMakeFiles/cmTC_7c33e.dir/CheckSymbolExists.c.o: In function `main':
CheckSymbolExists.c:(.text+0x16): undefined reference to `pthread_create'
collect2: error: ld returned 1 exit status
CMakeFiles/cmTC_7c33e.dir/build.make:97: recipe for target 'cmTC_7c33e' failed
make[1]: *** [cmTC_7c33e] Error 1
make[1]: Leaving directory '/home/joao/Documents/files/imagenes/mcs.imageprocessing/camera_cal3/CMakeFiles/CMakeTmp'
Makefile:126: recipe for target 'cmTC_7c33e/fast' failed
make: *** [cmTC_7c33e/fast] Error 2

File /home/joao/Documents/files/imagenes/mcs.imageprocessing/camera_cal3/CMakeFiles/CMakeTmp/CheckSymbolExists.c:
/* */
#include <pthread.h>

int main(int argc, char** argv)
{
  (void)argv;
#ifndef pthread_create
  return ((int*)(&pthread_create))[argc];
#else
  (void)argc;
  return 0;
#endif
}

Determining if the function pthread_create exists in the pthreads failed with the following output:
Change Dir: /home/joao/Documents/files/imagenes/mcs.imageprocessing/camera_cal3/CMakeFiles/CMakeTmp

Run Build Command:"/usr/bin/make" "cmTC_e6e86/fast"
/usr/bin/make -f CMakeFiles/cmTC_e6e86.dir/build.make CMakeFiles/cmTC_e6e86.dir/build
make[1]: Entering directory '/home/joao/Documents/files/imagenes/mcs.imageprocessing/camera_cal3/CMakeFiles/CMakeTmp'
Building C object CMakeFiles/cmTC_e6e86.dir/CheckFunctionExists.c.o
/usr/bin/cc    -DCHECK_FUNCTION_EXISTS=pthread_create   -o CMakeFiles/cmTC_e6e86.dir/CheckFunctionExists.c.o   -c /usr/share/cmake-3.5/Modules/CheckFunctionExists.c
Linking C executable cmTC_e6e86
/usr/bin/cmake -E cmake_link_script CMakeFiles/cmTC_e6e86.dir/link.txt --verbose=1
/usr/bin/cc   -DCHECK_FUNCTION_EXISTS=pthread_create    CMakeFiles/cmTC_e6e86.dir/CheckFunctionExists.c.o  -o cmTC_e6e86 -lpthreads 
/usr/bin/ld: cannot find -lpthreads
collect2: error: ld returned 1 exit status
CMakeFiles/cmTC_e6e86.dir/build.make:97: recipe for target 'cmTC_e6e86' failed
make[1]: *** [cmTC_e6e86] Error 1
make[1]: Leaving directory '/home/joao/Documents/files/imagenes/mcs.imageprocessing/camera_cal3/CMakeFiles/CMakeTmp'
Makefile:126: recipe for target 'cmTC_e6e86/fast' failed
make: *** [cmTC_e6e86/fast] Error 2


Determining if the pthread_create exist failed with the following output:
Change Dir: /home/joao/Documents/files/imagenes/mcs.imageprocessing/camera_cal3/CMakeFiles/CMakeTmp

Run Build Command:"/usr/bin/make" "cmTC_54b86/fast"
/usr/bin/make -f CMakeFiles/cmTC_54b86.dir/build.make CMakeFiles/cmTC_54b86.dir/build
make[1]: Entering directory '/home/joao/Documents/files/imagenes/mcs.imageprocessing/camera_cal3/CMakeFiles/CMakeTmp'
Building C object CMakeFiles/cmTC_54b86.dir/CheckSymbolExists.c.o
/usr/bin/cc     -o CMakeFiles/cmTC_54b86.dir/CheckSymbolExists.c.o   -c /home/joao/Documents/files/imagenes/mcs.imageprocessing/camera_cal3/CMakeFiles/CMakeTmp/CheckSymbolExists.c
Linking C executable cmTC_54b86
/usr/bin/cmake -E cmake_link_script CMakeFiles/cmTC_54b86.dir/link.txt --verbose=1
/usr/bin/cc       CMakeFiles/cmTC_54b86.dir/CheckSymbolExists.c.o  -o cmTC_54b86 
CMakeFiles/cmTC_54b86.dir/CheckSymbolExists.c.o: In function `main':
CheckSymbolExists.c:(.text+0x16): undefined reference to `pthread_create'
collect2: error: ld returned 1 exit status
CMakeFiles/cmTC_54b86.dir/build.make:97: recipe for target 'cmTC_54b86' failed
make[1]: *** [cmTC_54b86] Error 1
make[1]: Leaving directory '/home/joao/Documents/files/imagenes/mcs.imageprocessing/camera_cal3/CMakeFiles/CMakeTmp'
Makefile:126: recipe for target 'cmTC_54b86/fast' failed
make: *** [cmTC_54b86/fast] Error 2

File /home/joao/Documents/files/imagenes/mcs.imageprocessing/camera_cal3/CMakeFiles/CMakeTmp/CheckSymbolExists.c:
/* */
#include <pthread.h>

int main(int argc, char** argv)
{
  (void)argv;
#ifndef pthread_create
  return ((int*)(&pthread_create))[argc];
#else
  (void)argc;
  return 0;
#endif
}

Determining if the function pthread_create exists in the pthreads failed with the following output:
Change Dir: /home/joao/Documents/files/imagenes/mcs.imageprocessing/camera_cal3/CMakeFiles/CMakeTmp

Run Build Command:"/usr/bin/make" "cmTC_2dad4/fast"
/usr/bin/make -f CMakeFiles/cmTC_2dad4.dir/build.make CMakeFiles/cmTC_2dad4.dir/build
make[1]: Entering directory '/home/joao/Documents/files/imagenes/mcs.imageprocessing/camera_cal3/CMakeFiles/CMakeTmp'
Building C object CMakeFiles/cmTC_2dad4.dir/CheckFunctionExists.c.o
/usr/bin/cc    -DCHECK_FUNCTION_EXISTS=pthread_create   -o CMakeFiles/cmTC_2dad4.dir/CheckFunctionExists.c.o   -c /usr/share/cmake-3.5/Modules/CheckFunctionExists.c
Linking C executable cmTC_2dad4
/usr/bin/cmake -E cmake_link_script CMakeFiles/cmTC_2dad4.dir/link.txt --verbose=1
/usr/bin/cc   -DCHECK_FUNCTION_EXISTS=pthread_create    CMakeFiles/cmTC_2dad4.dir/CheckFunctionExists.c.o  -o cmTC_2dad4 -lpthreads 
/usr/bin/ld: cannot find -lpthreads
collect2: error: ld returned 1 exit status
CMakeFiles/cmTC_2dad4.dir/build.make:97: recipe for target 'cmTC_2dad4' failed
make[1]: *** [cmTC_2dad4] Error 1
make[1]: Leaving directory '/home/joao/Documents/files/imagenes/mcs.imageprocessing/camera_cal3/CMakeFiles/CMakeTmp'
Makefile:126: recipe for target 'cmTC_2dad4/fast' failed
make: *** [cmTC_2dad4/fast] Error 2


Determining if the pthread_create exist failed with the following output:
Change Dir: /home/joao/Documents/Imagenes/mcs.imageprocessing/camera_cal3/CMakeFiles/CMakeTmp

Run Build Command:"/usr/bin/make" "cmTC_a145c/fast"
/usr/bin/make -f CMakeFiles/cmTC_a145c.dir/build.make CMakeFiles/cmTC_a145c.dir/build
make[1]: Entering directory '/home/joao/Documents/Imagenes/mcs.imageprocessing/camera_cal3/CMakeFiles/CMakeTmp'
Building C object CMakeFiles/cmTC_a145c.dir/CheckSymbolExists.c.o
/usr/bin/cc     -o CMakeFiles/cmTC_a145c.dir/CheckSymbolExists.c.o   -c /home/joao/Documents/Imagenes/mcs.imageprocessing/camera_cal3/CMakeFiles/CMakeTmp/CheckSymbolExists.c
Linking C executable cmTC_a145c
/usr/bin/cmake -E cmake_link_script CMakeFiles/cmTC_a145c.dir/link.txt --verbose=1
/usr/bin/cc       CMakeFiles/cmTC_a145c.dir/CheckSymbolExists.c.o  -o cmTC_a145c 
CMakeFiles/cmTC_a145c.dir/CheckSymbolExists.c.o: In function `main':
CheckSymbolExists.c:(.text+0x16): undefined reference to `pthread_create'
collect2: error: ld returned 1 exit status
CMakeFiles/cmTC_a145c.dir/build.make:97: recipe for target 'cmTC_a145c' failed
make[1]: *** [cmTC_a145c] Error 1
make[1]: Leaving directory '/home/joao/Documents/Imagenes/mcs.imageprocessing/camera_cal3/CMakeFiles/CMakeTmp'
Makefile:126: recipe for target 'cmTC_a145c/fast' failed
make: *** [cmTC_a145c/fast] Error 2

File /home/joao/Documents/Imagenes/mcs.imageprocessing/camera_cal3/CMakeFiles/CMakeTmp/CheckSymbolExists.c:
/* */
#include <pthread.h>

int main(int argc, char** argv)
{
  (void)argv;
#ifndef pthread_create
  return ((int*)(&pthread_create))[argc];
#else
  (void)argc;
  return 0;
#endif
}

Determining if the function pthread_create exists in the pthreads failed with the following output:
Change Dir: /home/joao/Documents/Imagenes/mcs.imageprocessing/camera_cal3/CMakeFiles/CMakeTmp

Run Build Command:"/usr/bin/make" "cmTC_05657/fast"
/usr/bin/make -f CMakeFiles/cmTC_05657.dir/build.make CMakeFiles/cmTC_05657.dir/build
make[1]: Entering directory '/home/joao/Documents/Imagenes/mcs.imageprocessing/camera_cal3/CMakeFiles/CMakeTmp'
Building C object CMakeFiles/cmTC_05657.dir/CheckFunctionExists.c.o
/usr/bin/cc    -DCHECK_FUNCTION_EXISTS=pthread_create   -o CMakeFiles/cmTC_05657.dir/CheckFunctionExists.c.o   -c /usr/share/cmake-3.5/Modules/CheckFunctionExists.c
Linking C executable cmTC_05657
/usr/bin/cmake -E cmake_link_script CMakeFiles/cmTC_05657.dir/link.txt --verbose=1
/usr/bin/cc   -DCHECK_FUNCTION_EXISTS=pthread_create    CMakeFiles/cmTC_05657.dir/CheckFunctionExists.c.o  -o cmTC_05657 -lpthreads 
/usr/bin/ld: cannot find -lpthreads
collect2: error: ld returned 1 exit status
CMakeFiles/cmTC_05657.dir/build.make:97: recipe for target 'cmTC_05657' failed
make[1]: *** [cmTC_05657] Error 1
make[1]: Leaving directory '/home/joao/Documents/Imagenes/mcs.imageprocessing/camera_cal3/CMakeFiles/CMakeTmp'
Makefile:126: recipe for target 'cmTC_05657/fast' failed
make: *** [cmTC_05657/fast] Error 2


Determining if the pthread_create exist failed with the following output:
Change Dir: /home/joao/Documents/Imagenes/mcs.imageprocessing/camera_cal3/CMakeFiles/CMakeTmp

Run Build Command:"/usr/bin/make" "cmTC_41820/fast"
/usr/bin/make -f CMakeFiles/cmTC_41820.dir/build.make CMakeFiles/cmTC_41820.dir/build
make[1]: Entering directory '/home/joao/Documents/Imagenes/mcs.imageprocessing/camera_cal3/CMakeFiles/CMakeTmp'
Building C object CMakeFiles/cmTC_41820.dir/CheckSymbolExists.c.o
/usr/bin/cc     -o CMakeFiles/cmTC_41820.dir/CheckSymbolExists.c.o   -c /home/joao/Documents/Imagenes/mcs.imageprocessing/camera_cal3/CMakeFiles/CMakeTmp/CheckSymbolExists.c
Linking C executable cmTC_41820
/usr/bin/cmake -E cmake_link_script CMakeFiles/cmTC_41820.dir/link.txt --verbose=1
/usr/bin/cc       CMakeFiles/cmTC_41820.dir/CheckSymbolExists.c.o  -o cmTC_41820 
CMakeFiles/cmTC_41820.dir/CheckSymbolExists.c.o: In function `main':
CheckSymbolExists.c:(.text+0x16): undefined reference to `pthread_create'
collect2: error: ld returned 1 exit status
CMakeFiles/cmTC_41820.dir/build.make:97: recipe for target 'cmTC_41820' failed
make[1]: *** [cmTC_41820] Error 1
make[1]: Leaving directory '/home/joao/Documents/Imagenes/mcs.imageprocessing/camera_cal3/CMakeFiles/CMakeTmp'
Makefile:126: recipe for target 'cmTC_41820/fast' failed
make: *** [cmTC_41820/fast] Error 2

File /home/joao/Documents/Imagenes/mcs.imageprocessing/camera_cal3/CMakeFiles/CMakeTmp/CheckSymbolExists.c:
/* */
#include <pthread.h>

int main(int argc, char** argv)
{
  (void)argv;
#ifndef pthread_create
  return ((int*)(&pthread_create))[argc];
#else
  (void)argc;
  return 0;
#endif
}

Determining if the function pthread_create exists in the pthreads failed with the following output:
Change Dir: /home/joao/Documents/Imagenes/mcs.imageprocessing/camera_cal3/CMakeFiles/CMakeTmp

Run Build Command:"/usr/bin/make" "cmTC_6c4ba/fast"
/usr/bin/make -f CMakeFiles/cmTC_6c4ba.dir/build.make CMakeFiles/cmTC_6c4ba.dir/build
make[1]: Entering directory '/home/joao/Documents/Imagenes/mcs.imageprocessing/camera_cal3/CMakeFiles/CMakeTmp'
Building C object CMakeFiles/cmTC_6c4ba.dir/CheckFunctionExists.c.o
/usr/bin/cc    -DCHECK_FUNCTION_EXISTS=pthread_create   -o CMakeFiles/cmTC_6c4ba.dir/CheckFunctionExists.c.o   -c /usr/share/cmake-3.5/Modules/CheckFunctionExists.c
Linking C executable cmTC_6c4ba
/usr/bin/cmake -E cmake_link_script CMakeFiles/cmTC_6c4ba.dir/link.txt --verbose=1
/usr/bin/cc   -DCHECK_FUNCTION_EXISTS=pthread_create    CMakeFiles/cmTC_6c4ba.dir/CheckFunctionExists.c.o  -o cmTC_6c4ba -lpthreads 
/usr/bin/ld: cannot find -lpthreads
collect2: error: ld returned 1 exit status
CMakeFiles/cmTC_6c4ba.dir/build.make:97: recipe for target 'cmTC_6c4ba' failed
make[1]: *** [cmTC_6c4ba] Error 1
make[1]: Leaving directory '/home/joao/Documents/Imagenes/mcs.imageprocessing/camera_cal3/CMakeFiles/CMakeTmp'
Makefile:126: recipe for target 'cmTC_6c4ba/fast' failed
make: *** [cmTC_6c4ba/fast] Error 2


